<?xml version="1.0" encoding="UTF-8"?>
<!-- Generated by org.testng.reporters.JUnitReportReporter -->
<testsuite hostname="DESKTOP-SGE7I0F" failures="0" tests="2" name="SeleniumTestNGPOM.testcases.LoginTest" time="49.217" errors="0" timestamp="2023-07-17T23:26:07 ICT" skipped="0">
  <testcase classname="SeleniumTestNGPOM.testcases.LoginTest" name="loginPageSuccess" time="24.617"/>
  <system-out/>
  <testcase classname="SeleniumTestNGPOM.testcases.LoginTest" name="loginPageSuccess1" time="24.600"/>
  <system-out/>
</testsuite> <!-- SeleniumTestNGPOM.testcases.LoginTest -->
